Elements:  [ 35205517n, 287303262n ] [ 289354458n, 453860630n ] [ 1117825174n, 1397139607n ] [
  1415635989n, 1581723283n
] [ 1652880954n, 1993826501n ] [ 2160384960n, 2309873594n ] [ 2637152665n, 2873944599n ] [ 3227452369n,
  3373092395n ] [ 3561206012n, 4044566463n ] [ 4088478806n, 4203284202n ]
Performing Mapping!
Mapping List:  [
  {
    src: [ "-infinity", 1120843625n ],
    displacement: 0n
  }, {
    src: [ 1120843626n, 1342615893n ],
    displacement: 2952351402n
  }, {
    src: [ 1342615894n, 1775307866n ],
    displacement: -221772268n
  }, {
    src: [ 1775307867n, 1807198588n ],
    displacement: 1408034152n
  }, {
    src: [ 1807198589n, 1918358601n ],
    displacement: 1415094384n
  }, {
    src: [ 1918358602n, 2255546990n ],
    displacement: 761912951n
  }, {
    src: [ 2255546991n, 2262607222n ],
    displacement: 959685750n
  }, {
    src: [ 2262607223n, 2287201501n ],
    displacement: -660068289n
  }, {
    src: [ 2287201502n, 2317832933n ],
    displacement: -236487583n
  }, {
    src: [ 2317832934n, 2504868378n ],
    displacement: 1470683220n
  }, {
    src: [ 2504868379n, 2553871713n ],
    displacement: -951332780n
  }, {
    src: [ 2553871714n, 2597170660n ],
    displacement: 1421679885n
  }, {
    src: [ 2597170661n, 2628348977n ],
    displacement: -970037448n
  }, {
    src: [ 2628348978n, 2727928909n ],
    displacement: -908803152n
  }, {
    src: [ 2727928910n, 2760573309n ],
    displacement: -1069617380n
  }, {
    src: [ 2760573310n, 2926455386n ],
    displacement: 256886632n
  }, {
    src: [ 2926455387n, 3381518554n ],
    displacement: 406997599n
  }, {
    src: [ 3381518555n, 3613106715n ],
    displacement: -1562392797n
  }, {
    src: [ 3613106716n, 3919213072n ],
    displacement: -1238941520n
  }, {
    src: [ 3919213073n, 3973557554n ],
    displacement: 99637473n
  }, {
    src: [ 3973557555n, 4002147450n ],
    displacement: -2282601625n
  }, {
    src: [ 4002147451n, 4046183136n ],
    displacement: -1672017941n
  }, {
    src: [ 4046183137n, 4294967295n ],
    displacement: -1964837786n
  }, {
    src: [ 4294967296n, "infinity" ],
    displacement: 0n
  }
]
[ 35205517n, 287303262n ]  ->  [
  [ 35205517n, 287303262n ]
]
[ 289354458n, 453860630n ]  ->  [
  [ 289354458n, 453860630n ]
]
[ 1117825174n, 1397139607n ]  ->  [
  [ 1117825174n, 1120843625n ], [ 4073195028n, 4294967295n ], [ 1120843626n, 1175367339n ]
]
[ 1415635989n, 1581723283n ]  ->  [
  [ 1193863721n, 1359951015n ]
]
[ 1652880954n, 1993826501n ]  ->  [
  [ 1431108686n, 1553535598n ], [ 3183342019n, 3215232740n ], [ 3222292973n, 3333452985n ],
  [ 2680271553n, 2755739452n ]
]
[ 2160384960n, 2309873594n ]  ->  [
  [ 2922297911n, 3017459941n ], [ 3215232741n, 3222292972n ], [ 1602538934n, 1627133212n ],
  [ 2050713919n, 2073386011n ]
]
[ 2637152665n, 2873944599n ]  ->  [
  [ 1728349513n, 1819125757n ], [ 1658311530n, 1690955929n ], [ 3017459942n, 3130831231n ]
]
[ 3227452369n, 3373092395n ]  ->  [
  [ 3634449968n, 3780089994n ]
]
[ 3561206012n, 4044566463n ]  ->  [
  [ 1998813215n, 2050713918n ], [ 2374165196n, 2680271552n ], [ 4018850546n, 4073195027n ],
  [ 1690955930n, 1719545825n ], [ 2330129510n, 2372548522n ]
]
[ 4088478806n, 4203284202n ]  ->  [
  [ 2123641020n, 2238446416n ]
]
Elements:  [ 35205517n, 287303262n ] [ 289354458n, 453860630n ] [ 1117825174n, 1175367339n ] [
  1193863721n, 1359951015n
] [ 1431108686n, 1553535598n ] [ 1602538934n, 1627133212n ] [ 1658311530n, 1719545825n ] [ 1728349513n,
  1819125757n ] [ 1998813215n, 2073386011n ] [ 2123641020n, 2238446416n ] [ 2330129510n, 2372548522n
] [ 2374165196n, 2755739452n ] [ 2922297911n, 3130831231n ] [ 3183342019n, 3333452985n ] [ 3634449968n,
  3780089994n ] [ 4018850546n, 4294967295n ]
Performing Mapping!
Mapping List:  [
  {
    src: [ "-infinity", -1n ],
    displacement: 0n
  }, {
    src: [ 0n, 41700457n ],
    displacement: 1732960828n
  }, {
    src: [ 41700458n, 51055406n ],
    displacement: 2024321525n
  }, {
    src: [ 51055407n, 541094065n ],
    displacement: 735210114n
  }, {
    src: [ 541094066n, 755544790n ],
    displacement: 735210114n
  }, {
    src: [ 755544791n, 784036965n ],
    displacement: 1281985017n
  }, {
    src: [ 784036966n, 853522466n ],
    displacement: -67256946n
  }, {
    src: [ 853522467n, 1390485403n ],
    displacement: -853522467n
  }, {
    src: [ 1390485404n, 1446730957n ],
    displacement: 1219294457n
  }, {
    src: [ 1446730958n, 1921164896n ],
    displacement: 688614964n
  }, {
    src: [ 1921164897n, 2184033418n ],
    displacement: -146503611n
  }, {
    src: [ 2184033419n, 2263058011n ],
    displacement: -1546277992n
  }, {
    src: [ 2263058012n, 2337032518n ],
    displacement: -737716389n
  }, {
    src: [ 2337032519n, 2437825008n ],
    displacement: -1800069582n
  }, {
    src: [ 2437825009n, 2497793998n ],
    displacement: -362448077n
  }, {
    src: [ 2497793999n, 2631438696n ],
    displacement: -898477869n
  }, {
    src: [ 2631438697n, 2666025414n ],
    displacement: -1140683792n
  }, {
    src: [ 2666025415n, 2884381437n ],
    displacement: 0n
  }, {
    src: [ 2884381438n, 2920584244n ],
    displacement: 1351590663n
  }, {
    src: [ 2920584245n, 3157417218n ],
    displacement: 1051847893n
  }, {
    src: [ 3157417219n, 3189897564n ],
    displacement: 348545486n
  }, {
    src: [ 3189897565n, 3615980136n ],
    displacement: -110017432n
  }, {
    src: [ 3615980137n, 3740304130n ],
    displacement: 172699323n
  }, {
    src: [ 3740304131n, 3767011119n ],
    displacement: 468960981n
  }, {
    src: [ 3767011120n, 3826439803n ],
    displacement: 145992334n
  }, {
    src: [ 3826439804n, 3849232191n ],
    displacement: 445735104n
  }, {
    src: [ 3849232192n, 4099468600n ],
    displacement: -310789141n
  }, {
    src: [ 4099468601n, 4171887886n ],
    displacement: -1092007754n
  }, {
    src: [ 4171887887n, 4294967295n ],
    displacement: -1287506449n
  }, {
    src: [ 4294967296n, "infinity" ],
    displacement: 0n
  }
]
[ 35205517n, 287303262n ]  ->  [
  [ 1768166345n, 1774661285n ], [ 2066021983n, 2075376931n ], [ 786265521n, 1022513376n ]
]
[ 289354458n, 453860630n ]  ->  [
  [ 1024564572n, 1189070744n ]
]
[ 1117825174n, 1175367339n ]  ->  [
  [ 264302707n, 321844872n ]
]
[ 1193863721n, 1359951015n ]  ->  [
  [ 340341254n, 506428548n ]
]
[ 1431108686n, 1553535598n ]  ->  [
  [ 2650403143n, 2666025414n ], [ 2135345922n, 2242150562n ]
]
[ 1602538934n, 1627133212n ]  ->  [
  [ 2291153898n, 2315748176n ]
]
[ 1658311530n, 1719545825n ]  ->  [
  [ 2346926494n, 2408160789n ]
]
[ 1728349513n, 1819125757n ]  ->  [
  [ 2416964477n, 2507740721n ]
]
[ 1998813215n, 2073386011n ]  ->  [
  [ 1852309604n, 1926882400n ]
]
[ 2123641020n, 2238446416n ]  ->  [
  [ 1977137409n, 2037529807n ], [ 637755427n, 692168424n ]
]
[ 2330129510n, 2372548522n ]  ->  [
  [ 1592413121n, 1599316129n ], [ 536962937n, 572478940n ]
]
[ 2374165196n, 2755739452n ]  ->  [
  [ 574095614n, 637755426n ], [ 2075376932n, 2135345921n ], [ 1599316130n, 1732960827n ], [
    1490754905n, 1525341622n
  ], [ 2666025415n, 2755739452n ]
]
[ 2922297911n, 3130831231n ]  ->  [
  [ 3974145804n, 4182679124n ]
]
[ 3183342019n, 3333452985n ]  ->  [
  [ 3531887505n, 3538443050n ], [ 3079880133n, 3223435553n ]
]
[ 3634449968n, 3780089994n ]  ->  [
  [ 3807149291n, 3913003453n ], [ 4209265112n, 4235972100n ], [ 3913003454n, 3926082328n ]
]
[ 4018850546n, 4294967295n ]  ->  [
  [ 3708061405n, 3788679459n ], [ 3007460847n, 3079880132n ], [ 2884381438n, 3007460846n ]
]
Elements:  [ 264302707n, 321844872n ] [ 340341254n, 506428548n ] [ 536962937n, 572478940n ] [
  574095614n, 692168424n
] [ 786265521n, 1022513376n ] [ 1024564572n, 1189070744n ] [ 1490754905n, 1525341622n ] [ 1592413121n,
  1732960827n ] [ 1768166345n, 1774661285n ] [ 1852309604n, 1926882400n ] [ 1977137409n, 2037529807n
] [ 2066021983n, 2242150562n ] [ 2291153898n, 2315748176n ] [ 2346926494n, 2408160789n ] [ 2416964477n,
  2507740721n ] [ 2650403143n, 2755739452n ] [ 2884381438n, 3223435553n ] [ 3531887505n, 3538443050n
] [ 3708061405n, 3788679459n ] [ 3807149291n, 3926082328n ] [ 3974145804n, 4182679124n ] [ 4209265112n,
  4235972100n ]
Performing Mapping!
Mapping List:  [
  {
    src: [ "-infinity", -1n ],
    displacement: 0n
  }, {
    src: [ 0n, 138938n ],
    displacement: 579381611n
  }, {
    src: [ 138939n, 197180274n ],
    displacement: 1233079607n
  }, {
    src: [ 197180275n, 387379426n ],
    displacement: 820261884n
  }, {
    src: [ 387379427n, 458127883n ],
    displacement: 514431231n
  }, {
    src: [ 458127884n, 615021011n ],
    displacement: -35639401n
  }, {
    src: [ 615021012n, 771806219n ],
    displacement: -35500462n
  }, {
    src: [ 771806220n, 775143785n ],
    displacement: -383102167n
  }, {
    src: [ 775143786n, 967359952n ],
    displacement: -775143786n
  }, {
    src: [ 967359953n, 1011691428n ],
    displacement: -231054195n
  }, {
    src: [ 1011691429n, 1132864852n ],
    displacement: -231054195n
  }, {
    src: [ 1132864853n, 1226326726n ],
    displacement: -940648686n
  }, {
    src: [ 1226326727n, 1329352738n ],
    displacement: -940648686n
  }, {
    src: [ 1329352739n, 1359799602n ],
    displacement: -937311120n
  }, {
    src: [ 1359799603n, 1385376837n ],
    displacement: -152158292n
  }, {
    src: [ 1385376838n, 1430259881n ],
    displacement: -412817723n
  }, {
    src: [ 1430259882n, 1694098303n ],
    displacement: 0n
  }, {
    src: [ 1694098304n, 1807166720n ],
    displacement: 1103649138n
  }, {
    src: [ 1807166721n, 1904419030n ],
    displacement: 1160596132n
  }, {
    src: [ 1904419031n, 1924753698n ],
    displacement: 181975148n
  }, {
    src: [ 1924753699n, 2100477294n ],
    displacement: 473484616n
  }, {
    src: [ 2100477295n, 2191562281n ],
    displacement: 1299906327n
  }, {
    src: [ 2191562282n, 2376286377n ],
    displacement: -497463978n
  }, {
    src: [ 2376286378n, 2447501629n ],
    displacement: 1847465666n
  }, {
    src: [ 2447501630n, 2642757338n ],
    displacement: -340772783n
  }, {
    src: [ 2642757339n, 2843587092n ],
    displacement: -68795428n
  }, {
    src: [ 2843587093n, 2865515659n ],
    displacement: -68795428n
  }, {
    src: [ 2865515660n, 3001826941n ],
    displacement: 874905384n
  }, {
    src: [ 3001826942n, 3005743386n ],
    displacement: 941448693n
  }, {
    src: [ 3005743387n, 3245704276n ],
    displacement: 59271776n
  }, {
    src: [ 3245704277n, 3522264240n ],
    displacement: 701487803n
  }, {
    src: [ 3522264241n, 3617671809n ],
    displacement: -217288188n
  }, {
    src: [ 3617671810n, 3674618803n ],
    displacement: -706855951n
  }, {
    src: [ 3674618804n, 3875486596n ],
    displacement: -1789092418n
  }, {
    src: [ 3875486597n, 4111372944n ],
    displacement: -384017988n
  }, {
    src: [ 4111372945n, 4112400154n ],
    displacement: -1314652713n
  }, {
    src: [ 4112400155n, 4119104140n ],
    displacement: -2233577755n
  }, {
    src: [ 4119104141n, 4185647449n ],
    displacement: -242371815n
  }, {
    src: [ 4185647450n, 4281901208n ],
    displacement: -1883662894n
  }, {
    src: [ 4281901209n, 4294967295n ],
    displacement: -554546252n
  }, {
    src: [ 4294967296n, "infinity" ],
    displacement: 0n
  }
]
[ 264302707n, 321844872n ]  ->  [
  [ 1084564591n, 1142106756n ]
]
[ 340341254n, 506428548n ]  ->  [
  [ 1160603138n, 1207641310n ], [ 901810658n, 972559114n ], [ 422488483n, 470789147n ]
]
[ 536962937n, 572478940n ]  ->  [
  [ 501323536n, 536839539n ]
]
[ 574095614n, 692168424n ]  ->  [
  [ 538456213n, 579381610n ], [ 579520550n, 656667962n ]
]
[ 786265521n, 1022513376n ]  ->  [
  [ 11121735n, 192216166n ], [ 736305758n, 780637233n ], [ 780637234n, 791459181n ]
]
[ 1024564572n, 1189070744n ]  ->  [
  [ 793510377n, 901810657n ], [ 192216167n, 248422058n ]
]
[ 1490754905n, 1525341622n ]  ->  [
  [ 1490754905n, 1525341622n ]
]
[ 1592413121n, 1732960827n ]  ->  [
  [ 1592413121n, 1694098303n ], [ 2797747442n, 2836609965n ]
]
[ 1768166345n, 1774661285n ]  ->  [
  [ 2871815483n, 2878310423n ]
]
[ 1852309604n, 1926882400n ]  ->  [
  [ 3012905736n, 3065015162n ], [ 2086394179n, 2106728846n ], [ 2398238315n, 2400367016n ]
]
[ 1977137409n, 2037529807n ]  ->  [
  [ 2450622025n, 2511014423n ]
]
[ 2066021983n, 2242150562n ]  ->  [
  [ 2539506599n, 2573961910n ], [ 3400383622n, 3491468608n ], [ 1694098304n, 1744686584n ]
]
[ 2291153898n, 2315748176n ]  ->  [
  [ 1793689920n, 1818284198n ]
]
[ 2346926494n, 2408160789n ]  ->  [
  [ 1849462516n, 1878822399n ], [ 4223752044n, 4255626455n ]
]
[ 2416964477n, 2507740721n ]  ->  [
  [ 4264430143n, 4294967295n ], [ 2106728847n, 2166967938n ]
]
[ 2650403143n, 2755739452n ]  ->  [
  [ 2581607715n, 2686944024n ]
]
[ 2884381438n, 3223435553n ]  ->  [
  [ 3759286822n, 3876732325n ], [ 3943275635n, 3947192079n ], [ 3065015163n, 3282707329n ]
]
[ 3531887505n, 3538443050n ]  ->  [
  [ 3314599317n, 3321154862n ]
]
[ 3708061405n, 3788679459n ]  ->  [
  [ 1918968987n, 1999587041n ]
]
[ 3807149291n, 3926082328n ]  ->  [
  [ 2018056873n, 2086394178n ], [ 3491468609n, 3542064340n ]
]
[ 3974145804n, 4182679124n ]  ->  [
  [ 3590127816n, 3727354956n ], [ 2796720232n, 2797747441n ], [ 1878822400n, 1885526385n ],
  [ 3876732326n, 3940307309n ]
]
[ 4209265112n, 4235972100n ]  ->  [
  [ 2325602218n, 2352309206n ]
]
Elements:  [ 11121735n, 248422058n ] [ 422488483n, 470789147n ] [ 501323536n, 536839539n ] [ 538456213n,
  579381610n ] [ 579520550n, 656667962n ] [ 736305758n, 791459181n ] [ 793510377n, 972559114n ] [
  1084564591n, 1142106756n
] [ 1160603138n, 1207641310n ] [ 1490754905n, 1525341622n ] [ 1592413121n, 1744686584n ] [ 1793689920n,
  1818284198n ] [ 1849462516n, 1885526385n ] [ 1918968987n, 1999587041n ] [ 2018056873n, 2166967938n
] [ 2325602218n, 2352309206n ] [ 2398238315n, 2400367016n ] [ 2450622025n, 2511014423n ] [ 2539506599n,
  2573961910n ] [ 2581607715n, 2686944024n ] [ 2796720232n, 2836609965n ] [ 2871815483n, 2878310423n
] [ 3012905736n, 3282707329n ] [ 3314599317n, 3321154862n ] [ 3400383622n, 3542064340n ] [ 3590127816n,
  3727354956n ] [ 3759286822n, 3940307309n ] [ 3943275635n, 3947192079n ] [ 4223752044n, 4255626455n
] [ 4264430143n, 4294967295n ]
Performing Mapping!
Mapping List:  [
  {
    src: [ "-infinity", -1n ],
    displacement: 0n
  }, {
    src: [ 0n, 443149529n ],
    displacement: 2173087402n
  }, {
    src: [ 443149530n, 550948546n ],
    displacement: 524567426n
  }, {
    src: [ 550948547n, 954959731n ],
    displacement: -75096826n
  }, {
    src: [ 954959732n, 1035125691n ],
    displacement: -75096826n
  }, {
    src: [ 1035125692n, 1282808214n ],
    displacement: -1028364755n
  }, {
    src: [ 1282808215n, 1417788673n ],
    displacement: 230910040n
  }, {
    src: [ 1417788674n, 1588279306n ],
    displacement: -74561052n
  }, {
    src: [ 1588279307n, 1750725799n ],
    displacement: -1333835847n
  }, {
    src: [ 1750725800n, 1815631842n ],
    displacement: -102027086n
  }, {
    src: [ 1815631843n, 2083343491n ],
    displacement: -740115870n
  }, {
    src: [ 2083343492n, 2142305259n ],
    displacement: -1666453539n
  }, {
    src: [ 2142305260n, 2541846458n ],
    displacement: -420603016n
  }, {
    src: [ 2541846459n, 2549534548n ],
    displacement: -1581817593n
  }, {
    src: [ 2549534549n, 2601378507n ],
    displacement: -428291106n
  }, {
    src: [ 2601378508n, 2608139444n ],
    displacement: -2601378508n
  }, {
    src: [ 2608139445n, 2616236931n ],
    displacement: -894534688n
  }, {
    src: [ 2616236932n, 2749801695n ],
    displacement: 0n
  }, {
    src: [ 2749801696n, 3033543406n ],
    displacement: 791566352n
  }, {
    src: [ 3033543407n, 3185010952n ],
    displacement: 1109956343n
  }, {
    src: [ 3185010953n, 3262058245n ],
    displacement: -231607756n
  }, {
    src: [ 3262058246n, 3580448236n ],
    displacement: 563051513n
  }, {
    src: [ 3580448237n, 3755396399n ],
    displacement: -214028352n
  }, {
    src: [ 3755396400n, 3883823747n ],
    displacement: -517403863n
  }, {
    src: [ 3883823748n, 3935485565n ],
    displacement: -697493029n
  }, {
    src: [ 3935485566n, 4139087066n ],
    displacement: -1185683870n
  }, {
    src: [ 4139087067n, 4294967295n ],
    displacement: -1108636577n
  }, {
    src: [ 4294967296n, "infinity" ],
    displacement: 0n
  }
]
[ 11121735n, 248422058n ]  ->  [
  [ 2184209137n, 2421509460n ]
]
[ 422488483n, 470789147n ]  ->  [
  [ 2595575885n, 2616236931n ], [ 967716956n, 995356573n ]
]
[ 501323536n, 536839539n ]  ->  [
  [ 1025890962n, 1061406965n ]
]
[ 538456213n, 579381610n ]  ->  [
  [ 1063023639n, 1075515972n ], [ 475851721n, 504284784n ]
]
[ 579520550n, 656667962n ]  ->  [
  [ 504423724n, 581571136n ]
]
[ 736305758n, 791459181n ]  ->  [
  [ 661208932n, 716362355n ]
]
[ 793510377n, 972559114n ]  ->  [
  [ 718413551n, 879862905n ], [ 879862906n, 897462288n ]
]
[ 1084564591n, 1142106756n ]  ->  [
  [ 56199836n, 113742001n ]
]
[ 1160603138n, 1207641310n ]  ->  [
  [ 132238383n, 179276555n ]
]
[ 1490754905n, 1525341622n ]  ->  [
  [ 1416193853n, 1450780570n ]
]
[ 1592413121n, 1744686584n ]  ->  [
  [ 258577274n, 410850737n ]
]
[ 1793689920n, 1818284198n ]  ->  [
  [ 1691662834n, 1713604756n ], [ 1075515973n, 1078168328n ]
]
[ 1849462516n, 1885526385n ]  ->  [
  [ 1109346646n, 1145410515n ]
]
[ 1918968987n, 1999587041n ]  ->  [
  [ 1178853117n, 1259471171n ]
]
[ 2018056873n, 2166967938n ]  ->  [
  [ 1277941003n, 1343227621n ], [ 416889953n, 475851720n ], [ 1721702244n, 1746364922n ]
]
[ 2325602218n, 2352309206n ]  ->  [
  [ 1904999202n, 1931706190n ]
]
[ 2398238315n, 2400367016n ]  ->  [
  [ 1977635299n, 1979764000n ]
]
[ 2450622025n, 2511014423n ]  ->  [
  [ 2030019009n, 2090411407n ]
]
[ 2539506599n, 2573961910n ]  ->  [
  [ 2118903583n, 2121243442n ], [ 960028866n, 967716955n ], [ 2121243443n, 2145670804n ]
]
[ 2581607715n, 2686944024n ]  ->  [
  [ 2153316609n, 2173087401n ], [ 0n, 6760936n ], [ 1713604757n, 1721702243n ], [ 2616236932n,
    2686944024n ]
]
[ 2796720232n, 2836609965n ]  ->  [
  [ 3588286584n, 3628176317n ]
]
[ 2871815483n, 2878310423n ]  ->  [
  [ 3663381835n, 3669876775n ]
]
[ 3012905736n, 3282707329n ]  ->  [
  [ 3804472088n, 3825109758n ], [ 4143499750n, 4294967295n ], [ 2953403197n, 3030450489n ],
  [ 3825109759n, 3845758842n ]
]
[ 3314599317n, 3321154862n ]  ->  [
  [ 3877650830n, 3884206375n ]
]
[ 3400383622n, 3542064340n ]  ->  [
  [ 3963435135n, 4105115853n ]
]
[ 3590127816n, 3727354956n ]  ->  [
  [ 3376099464n, 3513326604n ]
]
[ 3759286822n, 3940307309n ]  ->  [
  [ 3241882959n, 3366419884n ], [ 3186330719n, 3237992536n ], [ 2749801696n, 2754623439n ]
]
[ 3943275635n, 3947192079n ]  ->  [
  [ 2757591765n, 2761508209n ]
]
[ 4223752044n, 4255626455n ]  ->  [
  [ 3115115467n, 3146989878n ]
]
[ 4264430143n, 4294967295n ]  ->  [
  [ 3155793566n, 3186330718n ]
]
Elements:  [ 0n, 6760936n ] [ 56199836n, 113742001n ] [ 132238383n, 179276555n ] [ 258577274n, 410850737n
] [ 416889953n, 504284784n ] [ 504423724n, 581571136n ] [ 661208932n, 716362355n ] [ 718413551n,
  897462288n ] [ 960028866n, 995356573n ] [ 1025890962n, 1061406965n ] [ 1063023639n, 1078168328n
] [ 1109346646n, 1145410515n ] [ 1178853117n, 1259471171n ] [ 1277941003n, 1343227621n ] [ 1416193853n,
  1450780570n ] [ 1691662834n, 1746364922n ] [ 1904999202n, 1931706190n ] [ 1977635299n, 1979764000n
] [ 2030019009n, 2090411407n ] [ 2118903583n, 2145670804n ] [ 2153316609n, 2173087401n ] [ 2184209137n,
  2421509460n ] [ 2595575885n, 2686944024n ] [ 2749801696n, 2754623439n ] [ 2757591765n, 2761508209n
] [ 2953403197n, 3030450489n ] [ 3115115467n, 3146989878n ] [ 3155793566n, 3237992536n ] [ 3241882959n,
  3366419884n ] [ 3376099464n, 3513326604n ] [ 3588286584n, 3628176317n ] [ 3663381835n, 3669876775n
] [ 3804472088n, 3845758842n ] [ 3877650830n, 3884206375n ] [ 3963435135n, 4105115853n ] [ 4143499750n,
  4294967295n ]
Performing Mapping!
Mapping List:  [
  {
    src: [ "-infinity", -1n ],
    displacement: 0n
  }, {
    src: [ 0n, 6987205n ],
    displacement: 72585995n
  }, {
    src: [ 6987206n, 79573200n ],
    displacement: -6987206n
  }, {
    src: [ 79573201n, 866613617n ],
    displacement: 0n
  }, {
    src: [ 866613618n, 1130104208n ],
    displacement: 153726299n
  }, {
    src: [ 1130104209n, 1462915474n ],
    displacement: 215953628n
  }, {
    src: [ 1462915475n, 1687505203n ],
    displacement: 482853982n
  }, {
    src: [ 1687505204n, 1927941948n ],
    displacement: 1179363117n
  }, {
    src: [ 1927941949n, 2273268755n ],
    displacement: 1947980645n
  }, {
    src: [ 2273268756n, 2335496084n ],
    displacement: -989438248n
  }, {
    src: [ 2335496085n, 2413595121n ],
    displacement: -165136899n
  }, {
    src: [ 2413595122n, 2487313016n ],
    displacement: 1807654279n
  }, {
    src: [ 2487313017n, 2641039315n ],
    displacement: -1620699399n
  }, {
    src: [ 2641039316n, 2709560834n ],
    displacement: 466265750n
  }, {
    src: [ 2709560835n, 2820068856n ],
    displacement: -919981960n
  }, {
    src: [ 2820068857n, 3226597241n ],
    displacement: -571610634n
  }, {
    src: [ 3226597242n, 3335693411n ],
    displacement: -1546114537n
  }, {
    src: [ 3335693412n, 3337307013n ],
    displacement: -1656824309n
  }, {
    src: [ 3337307014n, 3599529127n ],
    displacement: 276393466n
  }, {
    src: [ 3599529128n, 3645211687n ],
    displacement: -1699442231n
  }, {
    src: [ 3645211688n, 3857093400n ],
    displacement: -990225080n
  }, {
    src: [ 3857093401n, 4294967295n ],
    displacement: -681266816n
  }, {
    src: [ 4294967296n, "infinity" ],
    displacement: 0n
  }
]
[ 0n, 6760936n ]  ->  [
  [ 72585995n, 79346931n ]
]
[ 56199836n, 113742001n ]  ->  [
  [ 49212630n, 72585994n ], [ 79573201n, 113742001n ]
]
[ 132238383n, 179276555n ]  ->  [
  [ 132238383n, 179276555n ]
]
[ 258577274n, 410850737n ]  ->  [
  [ 258577274n, 410850737n ]
]
[ 416889953n, 504284784n ]  ->  [
  [ 416889953n, 504284784n ]
]
[ 504423724n, 581571136n ]  ->  [
  [ 504423724n, 581571136n ]
]
[ 661208932n, 716362355n ]  ->  [
  [ 661208932n, 716362355n ]
]
[ 718413551n, 897462288n ]  ->  [
  [ 718413551n, 866613617n ], [ 1020339917n, 1051188587n ]
]
[ 960028866n, 995356573n ]  ->  [
  [ 1113755165n, 1149082872n ]
]
[ 1025890962n, 1061406965n ]  ->  [
  [ 1179617261n, 1215133264n ]
]
[ 1063023639n, 1078168328n ]  ->  [
  [ 1216749938n, 1231894627n ]
]
[ 1109346646n, 1145410515n ]  ->  [
  [ 1263072945n, 1283830507n ], [ 1346057837n, 1361364143n ]
]
[ 1178853117n, 1259471171n ]  ->  [
  [ 1394806745n, 1475424799n ]
]
[ 1277941003n, 1343227621n ]  ->  [
  [ 1493894631n, 1559181249n ]
]
[ 1416193853n, 1450780570n ]  ->  [
  [ 1632147481n, 1666734198n ]
]
[ 1691662834n, 1746364922n ]  ->  [
  [ 2871025951n, 2925728039n ]
]
[ 1904999202n, 1931706190n ]  ->  [
  [ 3084362319n, 3107305065n ], [ 3875922594n, 3879686835n ]
]
[ 1977635299n, 1979764000n ]  ->  [
  [ 3925615944n, 3927744645n ]
]
[ 2030019009n, 2090411407n ]  ->  [
  [ 3977999654n, 4038392052n ]
]
[ 2118903583n, 2145670804n ]  ->  [
  [ 4066884228n, 4093651449n ]
]
[ 2153316609n, 2173087401n ]  ->  [
  [ 4101297254n, 4121068046n ]
]
[ 2184209137n, 2421509460n ]  ->  [
  [ 4132189782n, 4221249400n ], [ 1283830508n, 1346057836n ], [ 2170359186n, 2248458222n ],
  [ 4221249401n, 4229163739n ]
]
[ 2595575885n, 2686944024n ]  ->  [
  [ 974876486n, 1020339916n ], [ 3107305066n, 3153209774n ]
]
[ 2749801696n, 2754623439n ]  ->  [
  [ 1829819736n, 1834641479n ]
]
[ 2757591765n, 2761508209n ]  ->  [
  [ 1837609805n, 1841526249n ]
]
[ 2953403197n, 3030450489n ]  ->  [
  [ 2381792563n, 2458839855n ]
]
[ 3115115467n, 3146989878n ]  ->  [
  [ 2543504833n, 2575379244n ]
]
[ 3155793566n, 3237992536n ]  ->  [
  [ 2584182932n, 2654986607n ], [ 1680482705n, 1691877999n ]
]
[ 3241882959n, 3366419884n ]  ->  [
  [ 1695768422n, 1789578874n ], [ 1678869103n, 1680482704n ], [ 3613700480n, 3642813350n ]
]
[ 3376099464n, 3513326604n ]  ->  [
  [ 3652492930n, 3789720070n ]
]
[ 3588286584n, 3628176317n ]  ->  [
  [ 3864680050n, 3875922593n ], [ 1900086897n, 1928734086n ]
]
[ 3663381835n, 3669876775n ]  ->  [
  [ 2673156755n, 2679651695n ]
]
[ 3804472088n, 3845758842n ]  ->  [
  [ 2814247008n, 2855533762n ]
]
[ 3877650830n, 3884206375n ]  ->  [
  [ 3196384014n, 3202939559n ]
]
[ 3963435135n, 4105115853n ]  ->  [
  [ 3282168319n, 3423849037n ]
]
[ 4143499750n, 4294967295n ]  ->  [
  [ 3462232934n, 3613700479n ]
]
Elements:  [ 49212630n, 79346931n ] [ 79573201n, 113742001n ] [ 132238383n, 179276555n ] [ 258577274n,
  410850737n ] [ 416889953n, 504284784n ] [ 504423724n, 581571136n ] [ 661208932n, 716362355n ] [
  718413551n, 866613617n
] [ 974876486n, 1051188587n ] [ 1113755165n, 1149082872n ] [ 1179617261n, 1215133264n ] [ 1216749938n,
  1231894627n ] [ 1263072945n, 1361364143n ] [ 1394806745n, 1475424799n ] [ 1493894631n, 1559181249n
] [ 1632147481n, 1666734198n ] [ 1678869103n, 1691877999n ] [ 1695768422n, 1789578874n ] [ 1829819736n,
  1834641479n ] [ 1837609805n, 1841526249n ] [ 1900086897n, 1928734086n ] [ 2170359186n, 2248458222n
] [ 2381792563n, 2458839855n ] [ 2543504833n, 2575379244n ] [ 2584182932n, 2654986607n ] [ 2673156755n,
  2679651695n ] [ 2814247008n, 2855533762n ] [ 2871025951n, 2925728039n ] [ 3084362319n, 3153209774n
] [ 3196384014n, 3202939559n ] [ 3282168319n, 3423849037n ] [ 3462232934n, 3642813350n ] [ 3652492930n,
  3789720070n ] [ 3864680050n, 3879686835n ] [ 3925615944n, 3927744645n ] [ 3977999654n, 4038392052n
] [ 4066884228n, 4093651449n ] [ 4101297254n, 4121068046n ] [ 4132189782n, 4229163739n ]
Performing Mapping!
Mapping List:  [
  {
    src: [ "-infinity", -1n ],
    displacement: 0n
  }, {
    src: [ 0n, 35571308n ],
    displacement: 893834197n
  }, {
    src: [ 35571309n, 240848091n ],
    displacement: 652986105n
  }, {
    src: [ 240848092n, 858843145n ],
    displacement: -240848092n
  }, {
    src: [ 858843146n, 866387964n ],
    displacement: 70562360n
  }, {
    src: [ 866387965n, 936950324n ],
    displacement: -248392911n
  }, {
    src: [ 936950325n, 968601621n ],
    displacement: 0n
  }, {
    src: [ 968601622n, 1518463560n ],
    displacement: 919800166n
  }, {
    src: [ 1518463561n, 1911252583n ],
    displacement: -112655741n
  }, {
    src: [ 1911252584n, 1992113762n ],
    displacement: 685057118n
  }, {
    src: [ 1992113763n, 2065549416n ],
    displacement: 1552411505n
  }, {
    src: [ 2065549417n, 2078956008n ],
    displacement: 372714310n
  }, {
    src: [ 2078956009n, 2164972849n ],
    displacement: -820415998n
  }, {
    src: [ 2164972850n, 2301904831n ],
    displacement: 286697469n
  }, {
    src: [ 2301904832n, 2451344504n ],
    displacement: 1093180763n
  }, {
    src: [ 2451344505n, 2840504202n ],
    displacement: 554581392n
  }, {
    src: [ 2840504203n, 3130442591n ],
    displacement: -1871902581n
  }, {
    src: [ 3130442592n, 3212591175n ],
    displacement: 1082376120n
  }, {
    src: [ 3212591176n, 3387888301n ],
    displacement: 480703515n
  }, {
    src: [ 3387888302n, 3395595702n ],
    displacement: -799286001n
  }, {
    src: [ 3395595703n, 3414620471n ],
    displacement: 278674219n
  }, {
    src: [ 3414620472n, 3570339726n ],
    displacement: 642478985n
  }, {
    src: [ 3570339727n, 3605493025n ],
    displacement: 47621195n
  }, {
    src: [ 3605493026n, 3794000665n ],
    displacement: 263098791n
  }, {
    src: [ 3794000666n, 4122755681n ],
    displacement: -1116829785n
  }, {
    src: [ 4122755682n, 4212560626n ],
    displacement: -2324158839n
  }, {
    src: [ 4212560627n, 4273811594n ],
    displacement: -2868003775n
  }, {
    src: [ 4273811595n, 4294967295n ],
    displacement: -620697374n
  }, {
    src: [ 4294967296n, "infinity" ],
    displacement: 0n
  }
]
[ 49212630n, 79346931n ]  ->  [
  [ 702198735n, 732333036n ]
]
[ 79573201n, 113742001n ]  ->  [
  [ 732559306n, 766728106n ]
]
[ 132238383n, 179276555n ]  ->  [
  [ 785224488n, 832262660n ]
]
[ 258577274n, 410850737n ]  ->  [
  [ 17729182n, 170002645n ]
]
[ 416889953n, 504284784n ]  ->  [
  [ 176041861n, 263436692n ]
]
[ 504423724n, 581571136n ]  ->  [
  [ 263575632n, 340723044n ]
]
[ 661208932n, 716362355n ]  ->  [
  [ 420360840n, 475514263n ]
]
[ 718413551n, 866613617n ]  ->  [
  [ 477565459n, 617995053n ], [ 929405506n, 936950324n ], [ 617995054n, 618220706n ]
]
[ 974876486n, 1051188587n ]  ->  [
  [ 1894676652n, 1970988753n ]
]
[ 1113755165n, 1149082872n ]  ->  [
  [ 2033555331n, 2068883038n ]
]
[ 1179617261n, 1215133264n ]  ->  [
  [ 2099417427n, 2134933430n ]
]
[ 1216749938n, 1231894627n ]  ->  [
  [ 2136550104n, 2151694793n ]
]
[ 1263072945n, 1361364143n ]  ->  [
  [ 2182873111n, 2281164309n ]
]
[ 1394806745n, 1475424799n ]  ->  [
  [ 2314606911n, 2395224965n ]
]
[ 1493894631n, 1559181249n ]  ->  [
  [ 2413694797n, 2438263726n ], [ 1405807820n, 1446525508n ]
]
[ 1632147481n, 1666734198n ]  ->  [
  [ 1519491740n, 1554078457n ]
]
[ 1678869103n, 1691877999n ]  ->  [
  [ 1566213362n, 1579222258n ]
]
[ 1695768422n, 1789578874n ]  ->  [
  [ 1583112681n, 1676923133n ]
]
[ 1829819736n, 1834641479n ]  ->  [
  [ 1717163995n, 1721985738n ]
]
[ 1837609805n, 1841526249n ]  ->  [
  [ 1724954064n, 1728870508n ]
]
[ 1900086897n, 1928734086n ]  ->  [
  [ 1787431156n, 1798596842n ], [ 2596309702n, 2613791204n ]
]
[ 2170359186n, 2248458222n ]  ->  [
  [ 2457056655n, 2535155691n ]
]
[ 2381792563n, 2458839855n ]  ->  [
  [ 3474973326n, 3544525267n ], [ 3005925897n, 3013421247n ]
]
[ 2543504833n, 2575379244n ]  ->  [
  [ 3098086225n, 3129960636n ]
]
[ 2584182932n, 2654986607n ]  ->  [
  [ 3138764324n, 3209567999n ]
]
[ 2673156755n, 2679651695n ]  ->  [
  [ 3227738147n, 3234233087n ]
]
[ 2814247008n, 2855533762n ]  ->  [
  [ 3368828400n, 3395085594n ], [ 968601622n, 983631181n ]
]
[ 2871025951n, 2925728039n ]  ->  [
  [ 999123370n, 1053825458n ]
]
[ 3084362319n, 3153209774n ]  ->  [
  [ 1212459738n, 1258540010n ], [ 4212818712n, 4235585894n ]
]
[ 3196384014n, 3202939559n ]  ->  [
  [ 4278760134n, 4285315679n ]
]
[ 3282168319n, 3423849037n ]  ->  [
  [ 3762871834n, 3868591816n ], [ 2588602301n, 2596309701n ], [ 3674269922n, 3693294690n ],
  [ 4057099457n, 4066328022n ]
]
[ 3462232934n, 3642813350n ]  ->  [
  [ 4104711919n, 4212818711n ], [ 3617960922n, 3653114220n ], [ 3868591817n, 3905912141n ]
]
[ 3652492930n, 3789720070n ]  ->  [
  [ 3915591721n, 4052818861n ]
]
[ 3864680050n, 3879686835n ]  ->  [
  [ 2747850265n, 2762857050n ]
]
[ 3925615944n, 3927744645n ]  ->  [
  [ 2808786159n, 2810914860n ]
]
[ 3977999654n, 4038392052n ]  ->  [
  [ 2861169869n, 2921562267n ]
]
[ 4066884228n, 4093651449n ]  ->  [
  [ 2950054443n, 2976821664n ]
]
[ 4101297254n, 4121068046n ]  ->  [
  [ 2984467469n, 3004238261n ]
]
[ 4132189782n, 4229163739n ]  ->  [
  [ 1808030943n, 1888401787n ], [ 1344556852n, 1361159964n ]
]
Elements:  [ 17729182n, 170002645n ] [ 176041861n, 263436692n ] [ 263575632n, 340723044n ] [ 420360840n,
  475514263n ] [ 477565459n, 618220706n ] [ 702198735n, 732333036n ] [ 732559306n, 766728106n ] [
  785224488n, 832262660n
] [ 929405506n, 936950324n ] [ 968601622n, 983631181n ] [ 999123370n, 1053825458n ] [ 1212459738n,
  1258540010n ] [ 1344556852n, 1361159964n ] [ 1405807820n, 1446525508n ] [ 1519491740n, 1554078457n
] [ 1566213362n, 1579222258n ] [ 1583112681n, 1676923133n ] [ 1717163995n, 1721985738n ] [ 1724954064n,
  1728870508n ] [ 1787431156n, 1798596842n ] [ 1808030943n, 1888401787n ] [ 1894676652n, 1970988753n
] [ 2033555331n, 2068883038n ] [ 2099417427n, 2134933430n ] [ 2136550104n, 2151694793n ] [ 2182873111n,
  2281164309n ] [ 2314606911n, 2395224965n ] [ 2413694797n, 2438263726n ] [ 2457056655n, 2535155691n
] [ 2588602301n, 2613791204n ] [ 2747850265n, 2762857050n ] [ 2808786159n, 2810914860n ] [ 2861169869n,
  2921562267n ] [ 2950054443n, 2976821664n ] [ 2984467469n, 3004238261n ] [ 3005925897n, 3013421247n
] [ 3098086225n, 3129960636n ] [ 3138764324n, 3209567999n ] [ 3227738147n, 3234233087n ] [ 3368828400n,
  3395085594n ] [ 3474973326n, 3544525267n ] [ 3617960922n, 3653114220n ] [ 3674269922n, 3693294690n
] [ 3762871834n, 3905912141n ] [ 3915591721n, 4052818861n ] [ 4057099457n, 4066328022n ] [ 4104711919n,
  4235585894n ] [ 4278760134n, 4285315679n ]
Performing Mapping!
Mapping List:  [
  {
    src: [ "-infinity", 225749546n ],
    displacement: 0n
  }, {
    src: [ 225749547n, 323064562n ],
    displacement: 3263863739n
  }, {
    src: [ 323064563n, 342232425n ],
    displacement: 386090719n
  }, {
    src: [ 342232426n, 441460488n ],
    displacement: 3568301022n
  }, {
    src: [ 441460489n, 619673956n ],
    displacement: 448403810n
  }, {
    src: [ 619673957n, 741782754n ],
    displacement: -319303665n
  }, {
    src: [ 741782755n, 853425003n ],
    displacement: 1468693971n
  }, {
    src: [ 853425004n, 917374341n ],
    displacement: 1785463582n
  }, {
    src: [ 917374342n, 992326976n ],
    displacement: 1973229671n
  }, {
    src: [ 992326977n, 1121021246n ],
    displacement: 238000440n
  }, {
    src: [ 1121021247n, 1419623118n ],
    displacement: 633006247n
  }, {
    src: [ 1419623119n, 1581164272n ],
    displacement: -691299974n
  }, {
    src: [ 1581164273n, 1674438016n ],
    displacement: -1146302972n
  }, {
    src: [ 1674438017n, 1754638667n ],
    displacement: 1445814635n
  }, {
    src: [ 1754638668n, 1811987841n ],
    displacement: -355919952n
  }, {
    src: [ 1811987842n, 1935666814n ],
    displacement: -181639321n
  }, {
    src: [ 1935666815n, 1948049025n ],
    displacement: -1513187725n
  }, {
    src: [ 1948049026n, 2065932609n ],
    displacement: 374069949n
  }, {
    src: [ 2065932610n, 2215152128n ],
    displacement: 1520995692n
  }, {
    src: [ 2215152129n, 2414038155n ],
    displacement: 224850430n
  }, {
    src: [ 2414038156n, 2488658900n ],
    displacement: -2188288609n
  }, {
    src: [ 2488658901n, 2557346915n ],
    displacement: -1032591011n
  }, {
    src: [ 2557346916n, 2637585431n ],
    displacement: -2029211871n
  }, {
    src: [ 2637585432n, 2811971058n ],
    displacement: 1098562389n
  }, {
    src: [ 2811971059n, 2966667062n ],
    displacement: 153585589n
  }, {
    src: [ 2966667063n, 3105153306n ],
    displacement: 1043094448n
  }, {
    src: [ 3105153307n, 3205935027n ],
    displacement: -2496779746n
  }, {
    src: [ 3205935028n, 3458707566n ],
    displacement: 30905719n
  }, {
    src: [ 3458707567n, 3559871085n ],
    displacement: 735096210n
  }, {
    src: [ 3559871086n, 3596258529n ],
    displacement: -359417783n
  }, {
    src: [ 3596258530n, 3624589589n ],
    displacement: -1414112864n
  }, {
    src: [ 3624589590n, 3730182205n ],
    displacement: -2099833685n
  }, {
    src: [ 3730182206n, 3892431855n ],
    displacement: -2662104439n
  }, {
    src: [ 3892431856n, 3937987877n ],
    displacement: 255815899n
  }, {
    src: [ 3937987878n, 3977684906n ],
    displacement: -2578966191n
  }, {
    src: [ 3977684907n, 4107201206n ],
    displacement: -1925055541n
  }, {
    src: [ 4107201207n, 4294967295n ],
    displacement: -1404363283n
  }, {
    src: [ 4294967296n, "infinity" ],
    displacement: 0n
  }
]
[ 17729182n, 170002645n ]  ->  [
  [ 17729182n, 170002645n ]
]
[ 176041861n, 263436692n ]  ->  [
  [ 176041861n, 225749546n ], [ 3489613286n, 3527300431n ]
]
[ 263575632n, 340723044n ]  ->  [
  [ 3527439371n, 3586928301n ], [ 709155282n, 726813763n ]
]
[ 420360840n, 475514263n ]  ->  [
  [ 3988661862n, 4009761510n ], [ 889864299n, 923918073n ]
]
[ 477565459n, 618220706n ]  ->  [
  [ 925969269n, 1066624516n ]
]
[ 702198735n, 732333036n ]  ->  [
  [ 382895070n, 413029371n ]
]
[ 732559306n, 766728106n ]  ->  [
  [ 413255641n, 422479089n ], [ 2210476726n, 2235422077n ]
]
[ 785224488n, 832262660n ]  ->  [
  [ 2253918459n, 2300956631n ]
]
[ 929405506n, 936950324n ]  ->  [
  [ 2902635177n, 2910179995n ]
]
[ 968601622n, 983631181n ]  ->  [
  [ 2941831293n, 2956860852n ]
]
[ 999123370n, 1053825458n ]  ->  [
  [ 1237123810n, 1291825898n ]
]
[ 1212459738n, 1258540010n ]  ->  [
  [ 1845465985n, 1891546257n ]
]
[ 1344556852n, 1361159964n ]  ->  [
  [ 1977563099n, 1994166211n ]
]
[ 1405807820n, 1446525508n ]  ->  [
  [ 2038814067n, 2052629365n ], [ 728323145n, 755225534n ]
]
[ 1519491740n, 1554078457n ]  ->  [
  [ 828191766n, 862778483n ]
]
[ 1566213362n, 1579222258n ]  ->  [
  [ 874913388n, 887922284n ]
]
[ 1583112681n, 1676923133n ]  ->  [
  [ 436809709n, 528135044n ], [ 3120252652n, 3122737768n ]
]
[ 1717163995n, 1721985738n ]  ->  [
  [ 3162978630n, 3167800373n ]
]
[ 1724954064n, 1728870508n ]  ->  [
  [ 3170768699n, 3174685143n ]
]
[ 1787431156n, 1798596842n ]  ->  [
  [ 1431511204n, 1442676890n ]
]
[ 1808030943n, 1888401787n ]  ->  [
  [ 1452110991n, 1456067889n ], [ 1630348521n, 1706762466n ]
]
[ 1894676652n, 1970988753n ]  ->  [
  [ 1713037331n, 1754027493n ], [ 422479090n, 434861300n ], [ 2322118975n, 2345058702n ]
]
[ 2033555331n, 2068883038n ]  ->  [
  [ 2407625280n, 2440002558n ], [ 3586928302n, 3589878730n ]
]
[ 2099417427n, 2134933430n ]  ->  [
  [ 3620413119n, 3655929122n ]
]
[ 2136550104n, 2151694793n ]  ->  [
  [ 3657545796n, 3672690485n ]
]
[ 2182873111n, 2281164309n ]  ->  [
  [ 3703868803n, 3736147820n ], [ 2440002559n, 2506014739n ]
]
[ 2314606911n, 2395224965n ]  ->  [
  [ 2539457341n, 2620075395n ]
]
[ 2413694797n, 2438263726n ]  ->  [
  [ 2638545227n, 2638888585n ], [ 225749547n, 249975117n ]
]
[ 2457056655n, 2535155691n ]  ->  [
  [ 268768046n, 300370291n ], [ 1456067890n, 1502564680n ]
]
[ 2588602301n, 2613791204n ]  ->  [
  [ 559390430n, 584579333n ]
]
[ 2747850265n, 2762857050n ]  ->  [
  [ 3846412654n, 3861419439n ]
]
[ 2808786159n, 2810914860n ]  ->  [
  [ 3907348548n, 3909477249n ]
]
[ 2861169869n, 2921562267n ]  ->  [
  [ 3014755458n, 3075147856n ]
]
[ 2950054443n, 2976821664n ]  ->  [
  [ 3103640032n, 3120252651n ], [ 4009761511n, 4019916112n ]
]
[ 2984467469n, 3004238261n ]  ->  [
  [ 4027561917n, 4047332709n ]
]
[ 3005925897n, 3013421247n ]  ->  [
  [ 4049020345n, 4056515695n ]
]
[ 3098086225n, 3129960636n ]  ->  [
  [ 4141180673n, 4148247754n ], [ 608373561n, 633180890n ]
]
[ 3138764324n, 3209567999n ]  ->  [
  [ 641984578n, 709155281n ], [ 3236840747n, 3240473718n ]
]
[ 3227738147n, 3234233087n ]  ->  [
  [ 3258643866n, 3265138806n ]
]
[ 3368828400n, 3395085594n ]  ->  [
  [ 3399734119n, 3425991313n ]
]
[ 3474973326n, 3544525267n ]  ->  [
  [ 4210069536n, 4279621477n ]
]
[ 3617960922n, 3653114220n ]  ->  [
  [ 2203848058n, 2210476725n ], [ 1524755905n, 1553280535n ]
]
[ 3674269922n, 3693294690n ]  ->  [
  [ 1574436237n, 1593461005n ]
]
[ 3762871834n, 3905912141n ]  ->  [
  [ 1100767395n, 1230327416n ], [ 4148247755n, 4161728040n ]
]
[ 3915591721n, 4052818861n ]  ->  [
  [ 4171407620n, 4193803776n ], [ 1359021687n, 1398718715n ], [ 2052629366n, 2127763320n ]
]
[ 4057099457n, 4066328022n ]  ->  [
  [ 2132043916n, 2141272481n ]
]
[ 4104711919n, 4235585894n ]  ->  [
  [ 2179656378n, 2182145665n ], [ 2702837924n, 2831222611n ]
]
[ 4278760134n, 4285315679n ]  ->  [
  [ 2874396851n, 2880952396n ]
]
[
  [ 17729182n, 170002645n ], [ 176041861n, 249975117n ], [ 268768046n, 300370291n ], [ 382895070n,
    413029371n ], [ 413255641n, 434861300n ], [ 436809709n, 528135044n ], [ 559390430n, 584579333n
  ], [ 608373561n, 633180890n ], [ 641984578n, 726813763n ], [ 728323145n, 755225534n ], [ 828191766n,
    862778483n ], [ 874913388n, 887922284n ], [ 889864299n, 923918073n ], [ 925969269n, 1066624516n
  ], [ 1100767395n, 1230327416n ], [ 1237123810n, 1291825898n ], [ 1359021687n, 1398718715n ],
  [ 1431511204n, 1442676890n ], [ 1452110991n, 1502564680n ], [ 1524755905n, 1553280535n ], [
    1574436237n, 1593461005n
  ], [ 1630348521n, 1706762466n ], [ 1713037331n, 1754027493n ], [ 1845465985n, 1891546257n ],
  [ 1977563099n, 1994166211n ], [ 2038814067n, 2127763320n ], [ 2132043916n, 2141272481n ], [
    2179656378n, 2182145665n
  ], [ 2203848058n, 2235422077n ], [ 2253918459n, 2300956631n ], [ 2322118975n, 2345058702n ],
  [ 2407625280n, 2506014739n ], [ 2539457341n, 2620075395n ], [ 2638545227n, 2638888585n ], [
    2702837924n, 2831222611n
  ], [ 2874396851n, 2880952396n ], [ 2902635177n, 2910179995n ], [ 2941831293n, 2956860852n ],
  [ 3014755458n, 3075147856n ], [ 3103640032n, 3122737768n ], [ 3162978630n, 3167800373n ], [
    3170768699n, 3174685143n
  ], [ 3236840747n, 3240473718n ], [ 3258643866n, 3265138806n ], [ 3399734119n, 3425991313n ],
  [ 3489613286n, 3527300431n ], [ 3527439371n, 3589878730n ], [ 3620413119n, 3655929122n ], [
    3657545796n, 3672690485n
  ], [ 3703868803n, 3736147820n ], [ 3846412654n, 3861419439n ], [ 3907348548n, 3909477249n ],
  [ 3988661862n, 4019916112n ], [ 4027561917n, 4047332709n ], [ 4049020345n, 4056515695n ], [
    4141180673n, 4161728040n
  ], [ 4171407620n, 4193803776n ], [ 4210069536n, 4279621477n ]
]
[ 17729182n, 4279621477n ]
